<?xml version="1.0" encoding="UTF-8"?>
<!-- Generated by org.testng.reporters.JUnitReportReporter -->
<testsuite hostname="DESKTOP-BL08O2D" failures="0" tests="1" name="Practice.iposTableTest" time="86.758" errors="0" timestamp="2025-02-19T16:02:37 IST" skipped="0">
  <testcase classname="Practice.iposTableTest" name="tableTest" time="86.758"/>
  <system-out/>
</testsuite> <!-- Practice.iposTableTest -->
