<?xml version="1.0" encoding="UTF-8"?>
<!-- Generated by org.testng.reporters.JUnitReportReporter -->
<testsuite hostname="DESKTOP-BL08O2D" failures="0" tests="1" name="tsForRegisterUserTest.RegisterUserTest" time="26.450" errors="0" timestamp="2025-01-22T22:14:31 IST" skipped="0">
  <testcase classname="tsForRegisterUserTest.RegisterUserTest" name="registerTest" time="26.450"/>
  <system-out/>
</testsuite> <!-- tsForRegisterUserTest.RegisterUserTest -->
