<?xml version="1.0" encoding="UTF-8"?>
<!-- Generated by org.testng.reporters.JUnitReportReporter -->
<testsuite hostname="DESKTOP-BL08O2D" failures="0" tests="1" name="tsForRegisterUserTest.LoginToYourAccountTest" time="13.459" errors="0" timestamp="2025-01-22T22:59:12 IST" skipped="0">
  <testcase classname="tsForRegisterUserTest.LoginToYourAccountTest" name="LoginUserWithCorrectEmailAndPassword" time="13.459"/>
  <system-out/>
</testsuite> <!-- tsForRegisterUserTest.LoginToYourAccountTest -->
