<?xml version="1.0" encoding="UTF-8"?>
<!-- Generated by org.testng.reporters.JUnitReportReporter -->
<testsuite hostname="DESKTOP-BL08O2D" failures="0" tests="1" name="Practice.Irctc" time="42.936" errors="0" timestamp="2025-02-04T14:45:59 IST" skipped="0">
  <testcase classname="Practice.Irctc" name="bookTicketTest" time="42.936"/>
  <system-out/>
</testsuite> <!-- Practice.Irctc -->
