<?xml version="1.0" encoding="UTF-8"?>
<!-- Generated by org.testng.reporters.JUnitReportReporter -->
<testsuite hostname="DESKTOP-BL08O2D" failures="0" tests="1" name="Practice.Scroll" time="12.191" errors="0" timestamp="2025-01-31T16:59:50 IST" skipped="0">
  <testcase classname="Practice.Scroll" name="scrollByJS" time="12.191"/>
  <system-out/>
</testsuite> <!-- Practice.Scroll -->
