<?xml version="1.0" encoding="UTF-8"?>
<!-- Generated by org.testng.reporters.JUnitReportReporter -->
<testsuite hostname="DESKTOP-BL08O2D" failures="0" tests="1" name="Practice.TablePractice" time="15.372" errors="0" timestamp="2025-02-03T16:09:31 IST" skipped="0">
  <testcase classname="Practice.TablePractice" name="tableGetAllColumnDetails" time="15.372"/>
  <system-out/>
</testsuite> <!-- Practice.TablePractice -->
