<?xml version="1.0" encoding="UTF-8"?>
<!-- Generated by org.testng.reporters.JUnitReportReporter -->
<testsuite hostname="DESKTOP-BL08O2D" failures="0" tests="1" name="Practice.FnpComFindPerfume" time="71.597" errors="0" timestamp="2025-02-20T12:54:42 IST" skipped="0">
  <testcase classname="Practice.FnpComFindPerfume" name="findPerfumeTest" time="71.597"/>
  <system-out/>
</testsuite> <!-- Practice.FnpComFindPerfume -->
