<?xml version="1.0" encoding="UTF-8"?>
<!-- Generated by org.testng.reporters.JUnitReportReporter -->
<testsuite hostname="DESKTOP-BL08O2D" failures="0" tests="1" name="Practice.HandleAlert" time="14.152" errors="0" timestamp="2025-01-22T16:32:11 IST" skipped="0">
  <testcase classname="Practice.HandleAlert" name="handleAlertTest" time="14.152"/>
  <system-out/>
</testsuite> <!-- Practice.HandleAlert -->
